Copyright 1986-2016 Xilinx, Inc. All Rights Reserved.
---------------------------------------------------------------------------------------------------------------------------------
| Tool Version : Vivado v.2016.4 (win64) Build 1756540 Mon Jan 23 19:11:23 MST 2017
| Date         : Mon Oct 15 13:51:01 2018
| Host         : IFI-STAMFORD running 64-bit Service Pack 1  (build 7601)
| Command      : report_methodology -file pos_seg7_ctrl_methodology_drc_routed.rpt -rpx pos_seg7_ctrl_methodology_drc_routed.rpx
| Design       : pos_seg7_ctrl
| Device       : xc7z020clg484-1
| Speed File   : -1
| Design State : Routed
---------------------------------------------------------------------------------------------------------------------------------

Report Methodology

Table of Contents
-----------------
1. REPORT SUMMARY
2. REPORT DETAILS

1. REPORT SUMMARY
-----------------
            Netlist: netlist
          Floorplan: design_1
      Design limits: <entire design considered>
             Max violations: <unlimited>
             Violations found: 53
+-----------+----------+-------------------------------+------------+
| Rule      | Severity | Description                   | Violations |
+-----------+----------+-------------------------------+------------+
| TIMING-17 | Warning  | Non-clocked sequential cell   | 45         |
| TIMING-18 | Warning  | Missing input or output delay | 8          |
+-----------+----------+-------------------------------+------------+

2. REPORT DETAILS
-----------------
TIMING-17#1 Warning
Non-clocked sequential cell  
The clock pin CRU_0/rstsync_0/rst_div_s1_reg/C is not reached by a timing clock
Related violations: <none>

TIMING-17#2 Warning
Non-clocked sequential cell  
The clock pin CRU_0/rstsync_0/rst_div_s2_reg/C is not reached by a timing clock
Related violations: <none>

TIMING-17#3 Warning
Non-clocked sequential cell  
The clock pin CRU_0/rstsync_0/rst_div_s2_reg_lopt_replica/C is not reached by a timing clock
Related violations: <none>

TIMING-17#4 Warning
Non-clocked sequential cell  
The clock pin POSCTRL_0/PCTRL/err_reg[0]/C is not reached by a timing clock
Related violations: <none>

TIMING-17#5 Warning
Non-clocked sequential cell  
The clock pin POSCTRL_0/PCTRL/err_reg[1]/C is not reached by a timing clock
Related violations: <none>

TIMING-17#6 Warning
Non-clocked sequential cell  
The clock pin POSCTRL_0/PCTRL/err_reg[2]/C is not reached by a timing clock
Related violations: <none>

TIMING-17#7 Warning
Non-clocked sequential cell  
The clock pin POSCTRL_0/PCTRL/err_reg[3]/C is not reached by a timing clock
Related violations: <none>

TIMING-17#8 Warning
Non-clocked sequential cell  
The clock pin POSCTRL_0/PCTRL/err_reg[4]/C is not reached by a timing clock
Related violations: <none>

TIMING-17#9 Warning
Non-clocked sequential cell  
The clock pin POSCTRL_0/PCTRL/err_reg[5]/C is not reached by a timing clock
Related violations: <none>

TIMING-17#10 Warning
Non-clocked sequential cell  
The clock pin POSCTRL_0/PCTRL/err_reg[6]/C is not reached by a timing clock
Related violations: <none>

TIMING-17#11 Warning
Non-clocked sequential cell  
The clock pin POSCTRL_0/PCTRL/err_reg[7]/C is not reached by a timing clock
Related violations: <none>

TIMING-17#12 Warning
Non-clocked sequential cell  
The clock pin POSCTRL_0/PCTRL/motor_ccw_reg/C is not reached by a timing clock
Related violations: <none>

TIMING-17#13 Warning
Non-clocked sequential cell  
The clock pin POSCTRL_0/PCTRL/motor_cw_reg/C is not reached by a timing clock
Related violations: <none>

TIMING-17#14 Warning
Non-clocked sequential cell  
The clock pin POSCTRL_0/PCTRL/pos_br_reg[0]/C is not reached by a timing clock
Related violations: <none>

TIMING-17#15 Warning
Non-clocked sequential cell  
The clock pin POSCTRL_0/PCTRL/pos_br_reg[1]/C is not reached by a timing clock
Related violations: <none>

TIMING-17#16 Warning
Non-clocked sequential cell  
The clock pin POSCTRL_0/PCTRL/pos_br_reg[2]/C is not reached by a timing clock
Related violations: <none>

TIMING-17#17 Warning
Non-clocked sequential cell  
The clock pin POSCTRL_0/PCTRL/pos_br_reg[3]/C is not reached by a timing clock
Related violations: <none>

TIMING-17#18 Warning
Non-clocked sequential cell  
The clock pin POSCTRL_0/PCTRL/pos_br_reg[4]/C is not reached by a timing clock
Related violations: <none>

TIMING-17#19 Warning
Non-clocked sequential cell  
The clock pin POSCTRL_0/PCTRL/pos_br_reg[5]/C is not reached by a timing clock
Related violations: <none>

TIMING-17#20 Warning
Non-clocked sequential cell  
The clock pin POSCTRL_0/PCTRL/pos_br_reg[6]/C is not reached by a timing clock
Related violations: <none>

TIMING-17#21 Warning
Non-clocked sequential cell  
The clock pin POSCTRL_0/PCTRL/pos_br_reg[7]/C is not reached by a timing clock
Related violations: <none>

TIMING-17#22 Warning
Non-clocked sequential cell  
The clock pin POSCTRL_0/PCTRL/pos_int_reg[0]/C is not reached by a timing clock
Related violations: <none>

TIMING-17#23 Warning
Non-clocked sequential cell  
The clock pin POSCTRL_0/PCTRL/pos_int_reg[1]/C is not reached by a timing clock
Related violations: <none>

TIMING-17#24 Warning
Non-clocked sequential cell  
The clock pin POSCTRL_0/PCTRL/pos_int_reg[2]/C is not reached by a timing clock
Related violations: <none>

TIMING-17#25 Warning
Non-clocked sequential cell  
The clock pin POSCTRL_0/PCTRL/pos_int_reg[3]/C is not reached by a timing clock
Related violations: <none>

TIMING-17#26 Warning
Non-clocked sequential cell  
The clock pin POSCTRL_0/PCTRL/pos_int_reg[4]/C is not reached by a timing clock
Related violations: <none>

TIMING-17#27 Warning
Non-clocked sequential cell  
The clock pin POSCTRL_0/PCTRL/pos_int_reg[5]/C is not reached by a timing clock
Related violations: <none>

TIMING-17#28 Warning
Non-clocked sequential cell  
The clock pin POSCTRL_0/PCTRL/pos_int_reg[6]/C is not reached by a timing clock
Related violations: <none>

TIMING-17#29 Warning
Non-clocked sequential cell  
The clock pin POSCTRL_0/PCTRL/pos_int_reg[7]/C is not reached by a timing clock
Related violations: <none>

TIMING-17#30 Warning
Non-clocked sequential cell  
The clock pin POSCTRL_0/PCTRL/pres_state_reg[0]/C is not reached by a timing clock
Related violations: <none>

TIMING-17#31 Warning
Non-clocked sequential cell  
The clock pin POSCTRL_0/PCTRL/pres_state_reg[1]/C is not reached by a timing clock
Related violations: <none>

TIMING-17#32 Warning
Non-clocked sequential cell  
The clock pin POSCTRL_0/PCTRL/sp_br_reg[0]/C is not reached by a timing clock
Related violations: <none>

TIMING-17#33 Warning
Non-clocked sequential cell  
The clock pin POSCTRL_0/PCTRL/sp_br_reg[1]/C is not reached by a timing clock
Related violations: <none>

TIMING-17#34 Warning
Non-clocked sequential cell  
The clock pin POSCTRL_0/PCTRL/sp_br_reg[2]/C is not reached by a timing clock
Related violations: <none>

TIMING-17#35 Warning
Non-clocked sequential cell  
The clock pin POSCTRL_0/PCTRL/sp_br_reg[3]/C is not reached by a timing clock
Related violations: <none>

TIMING-17#36 Warning
Non-clocked sequential cell  
The clock pin POSCTRL_0/PCTRL/sp_br_reg[4]/C is not reached by a timing clock
Related violations: <none>

TIMING-17#37 Warning
Non-clocked sequential cell  
The clock pin POSCTRL_0/PCTRL/sp_br_reg[5]/C is not reached by a timing clock
Related violations: <none>

TIMING-17#38 Warning
Non-clocked sequential cell  
The clock pin POSCTRL_0/PCTRL/sp_br_reg[6]/C is not reached by a timing clock
Related violations: <none>

TIMING-17#39 Warning
Non-clocked sequential cell  
The clock pin POSCTRL_0/PCTRL/sp_int_reg[0]/C is not reached by a timing clock
Related violations: <none>

TIMING-17#40 Warning
Non-clocked sequential cell  
The clock pin POSCTRL_0/PCTRL/sp_int_reg[1]/C is not reached by a timing clock
Related violations: <none>

TIMING-17#41 Warning
Non-clocked sequential cell  
The clock pin POSCTRL_0/PCTRL/sp_int_reg[2]/C is not reached by a timing clock
Related violations: <none>

TIMING-17#42 Warning
Non-clocked sequential cell  
The clock pin POSCTRL_0/PCTRL/sp_int_reg[3]/C is not reached by a timing clock
Related violations: <none>

TIMING-17#43 Warning
Non-clocked sequential cell  
The clock pin POSCTRL_0/PCTRL/sp_int_reg[4]/C is not reached by a timing clock
Related violations: <none>

TIMING-17#44 Warning
Non-clocked sequential cell  
The clock pin POSCTRL_0/PCTRL/sp_int_reg[5]/C is not reached by a timing clock
Related violations: <none>

TIMING-17#45 Warning
Non-clocked sequential cell  
The clock pin POSCTRL_0/PCTRL/sp_int_reg[6]/C is not reached by a timing clock
Related violations: <none>

TIMING-18#1 Warning
Missing input or output delay  
An input delay is missing on a relative to clock(s) refclk 
Related violations: <none>

TIMING-18#2 Warning
Missing input or output delay  
An input delay is missing on arst relative to clock(s) refclk 
Related violations: <none>

TIMING-18#3 Warning
Missing input or output delay  
An input delay is missing on b relative to clock(s) refclk 
Related violations: <none>

TIMING-18#4 Warning
Missing input or output delay  
An input delay is missing on sync_rst relative to clock(s) refclk 
Related violations: <none>

TIMING-18#5 Warning
Missing input or output delay  
An output delay is missing on a_n[0] relative to clock(s) refclk 
Related violations: <none>

TIMING-18#6 Warning
Missing input or output delay  
An output delay is missing on a_n[1] relative to clock(s) refclk 
Related violations: <none>

TIMING-18#7 Warning
Missing input or output delay  
An output delay is missing on a_n[2] relative to clock(s) refclk 
Related violations: <none>

TIMING-18#8 Warning
Missing input or output delay  
An output delay is missing on a_n[3] relative to clock(s) refclk 
Related violations: <none>


